Using pre-set license
Built from '2022.3/staging' branch; Version is '2022.3.37f1 (340ba89e4c23) revision 3410856'; Using compiler version '192829333'; Build Type 'Release'
OS: 'Windows 11  (10.0.22631) 64bit Professional' Language: 'fr' Physical Memory: 32575 MB
BatchMode: 1, IsHumanControllingUs: 0, StartBugReporterOnCrash: 0, Is64bit: 1, IsPro: 1

COMMAND LINE ARGUMENTS:
C:\Program Files\Unity\Hub\Editor\2022.3.37f1\Editor\Unity.exe
-adb2
-batchMode
-noUpm
-name
AssetImportWorker0
-projectPath
C:/Users/aleja/OneDrive/Documents/HEIG-MOBA/MOBA
-logFile
Logs/AssetImportWorker0.log
-srvPort
50734
Successfully changed project path to: C:/Users/aleja/OneDrive/Documents/HEIG-MOBA/MOBA
C:/Users/aleja/OneDrive/Documents/HEIG-MOBA/MOBA
[UnityMemory] Configuration Parameters - Can be set up in boot.config
    "memorysetup-bucket-allocator-granularity=16"
    "memorysetup-bucket-allocator-bucket-count=8"
    "memorysetup-bucket-allocator-block-size=33554432"
    "memorysetup-bucket-allocator-block-count=8"
    "memorysetup-main-allocator-block-size=16777216"
    "memorysetup-thread-allocator-block-size=16777216"
    "memorysetup-gfx-main-allocator-block-size=16777216"
    "memorysetup-gfx-thread-allocator-block-size=16777216"
    "memorysetup-cache-allocator-block-size=4194304"
    "memorysetup-typetree-allocator-block-size=2097152"
    "memorysetup-profiler-bucket-allocator-granularity=16"
    "memorysetup-profiler-bucket-allocator-bucket-count=8"
    "memorysetup-profiler-bucket-allocator-block-size=33554432"
    "memorysetup-profiler-bucket-allocator-block-count=8"
    "memorysetup-profiler-allocator-block-size=16777216"
    "memorysetup-profiler-editor-allocator-block-size=1048576"
    "memorysetup-temp-allocator-size-main=16777216"
    "memorysetup-job-temp-allocator-block-size=2097152"
    "memorysetup-job-temp-allocator-block-size-background=1048576"
    "memorysetup-job-temp-allocator-reduction-small-platforms=262144"
    "memorysetup-allocator-temp-initial-block-size-main=262144"
    "memorysetup-allocator-temp-initial-block-size-worker=262144"
    "memorysetup-temp-allocator-size-background-worker=32768"
    "memorysetup-temp-allocator-size-job-worker=262144"
    "memorysetup-temp-allocator-size-preload-manager=33554432"
    "memorysetup-temp-allocator-size-nav-mesh-worker=65536"
    "memorysetup-temp-allocator-size-audio-worker=65536"
    "memorysetup-temp-allocator-size-cloud-worker=32768"
    "memorysetup-temp-allocator-size-gi-baking-worker=262144"
    "memorysetup-temp-allocator-size-gfx=262144"
Player connection [33380] Host "[IP] 10.191.22.172 [Port] 0 [Flags] 2 [Guid] 1433780928 [EditorId] 1433780928 [Version] 1048832 [Id] WindowsEditor(7,LAPTOP-14JTKA07) [Debug] 1 [PackageName] WindowsEditor [ProjectName] Editor" joined multi-casting on [225.0.0.222:54997]...

Player connection [33380] Host "[IP] 10.191.22.172 [Port] 0 [Flags] 2 [Guid] 1433780928 [EditorId] 1433780928 [Version] 1048832 [Id] WindowsEditor(7,LAPTOP-14JTKA07) [Debug] 1 [PackageName] WindowsEditor [ProjectName] Editor" joined alternative multi-casting on [225.0.0.222:34997]...

[PhysX] Initialized MultithreadedTaskDispatcher with 32 workers.
Refreshing native plugins compatible for Editor in 10.44 ms, found 3 plugins.
Preloading 0 native plugins for Editor in 0.00 ms.
Initialize engine version: 2022.3.37f1 (340ba89e4c23)
[Subsystems] Discovering subsystems at path C:/Program Files/Unity/Hub/Editor/2022.3.37f1/Editor/Data/Resources/UnitySubsystems
[Subsystems] Discovering subsystems at path C:/Users/aleja/OneDrive/Documents/HEIG-MOBA/MOBA/Assets
GfxDevice: creating device client; threaded=0; jobified=0
Direct3D:
    Version:  Direct3D 11.0 [level 11.1]
    Renderer: NVIDIA GeForce RTX 4080 Laptop GPU (ID=0x27e0)
    Vendor:   NVIDIA
    VRAM:     11997 MB
    Driver:   32.0.15.5599
Initialize mono
Mono path[0] = 'C:/Program Files/Unity/Hub/Editor/2022.3.37f1/Editor/Data/Managed'
Mono path[1] = 'C:/Program Files/Unity/Hub/Editor/2022.3.37f1/Editor/Data/MonoBleedingEdge/lib/mono/unityjit-win32'
Mono config path = 'C:/Program Files/Unity/Hub/Editor/2022.3.37f1/Editor/Data/MonoBleedingEdge/etc'
Using monoOptions --debugger-agent=transport=dt_socket,embedding=1,server=y,suspend=n,address=127.0.0.1:56376
Begin MonoManager ReloadAssembly
Registering precompiled unity dll's ...
Register platform support module: C:/Program Files/Unity/Hub/Editor/2022.3.37f1/Editor/Data/PlaybackEngines/WebGLSupport/UnityEditor.WebGL.Extensions.dll
Register platform support module: C:/Program Files/Unity/Hub/Editor/2022.3.37f1/Editor/Data/PlaybackEngines/AndroidPlayer/UnityEditor.Android.Extensions.dll
Register platform support module: C:/Program Files/Unity/Hub/Editor/2022.3.37f1/Editor/Data/PlaybackEngines/iOSSupport/UnityEditor.iOS.Extensions.dll
Register platform support module: C:/Program Files/Unity/Hub/Editor/2022.3.37f1/Editor/Data/PlaybackEngines/WindowsStandaloneSupport/UnityEditor.WindowsStandalone.Extensions.dll
Registered in 0.010307 seconds.
- Loaded All Assemblies, in  0.478 seconds
Native extension for WindowsStandalone target not found
Native extension for iOS target not found
Native extension for Android target not found
Android Extension - Scanning For ADB Devices 882 ms
Native extension for WebGL target not found
Mono: successfully reloaded assembly
- Finished resetting the current domain, in  1.368 seconds
Domain Reload Profiling: 1845ms
	BeginReloadAssembly (145ms)
		ExecutionOrderSort (0ms)
		DisableScriptedObjects (0ms)
		BackupInstance (0ms)
		ReleaseScriptingObjects (0ms)
		CreateAndSetChildDomain (1ms)
	RebuildCommonClasses (44ms)
	RebuildNativeTypeToScriptingClass (14ms)
	initialDomainReloadingComplete (76ms)
	LoadAllAssembliesAndSetupDomain (197ms)
		LoadAssemblies (144ms)
		RebuildTransferFunctionScriptingTraits (0ms)
		AnalyzeDomain (194ms)
			TypeCache.Refresh (192ms)
				TypeCache.ScanAssembly (174ms)
			ScanForSourceGeneratedMonoScriptInfo (1ms)
			ResolveRequiredComponents (1ms)
	FinalizeReload (1368ms)
		ReleaseScriptCaches (0ms)
		RebuildScriptCaches (0ms)
		SetupLoadedEditorAssemblies (1292ms)
			LogAssemblyErrors (0ms)
			InitializePlatformSupportModulesInManaged (1072ms)
			SetLoadedEditorAssemblies (5ms)
			RefreshPlugins (0ms)
			BeforeProcessingInitializeOnLoad (3ms)
			ProcessInitializeOnLoadAttributes (152ms)
			ProcessInitializeOnLoadMethodAttributes (60ms)
			AfterProcessingInitializeOnLoad (0ms)
			EditorAssembliesLoaded (0ms)
		ExecutionOrderSort2 (0ms)
		AwakeInstancesAfterBackupRestoration (0ms)
========================================================================
Worker process is ready to serve import requests
Begin MonoManager ReloadAssembly
- Loaded All Assemblies, in  0.851 seconds
Refreshing native plugins compatible for Editor in 4.03 ms, found 3 plugins.
Native extension for WindowsStandalone target not found
Native extension for iOS target not found
Native extension for Android target not found
Native extension for WebGL target not found
Package Manager log level set to [2]
[Package Manager] Server::EnsureServerProcessIsRunning -- launch failed, reason: Unity was launched with the -noUpm command-line argument
[Package Manager] UpmClient::Send -- Unable to send message (not connected to UPM process).
[Package Manager] Cannot connect to Unity Package Manager local server
Mono: successfully reloaded assembly
- Finished resetting the current domain, in  1.439 seconds
Domain Reload Profiling: 2288ms
	BeginReloadAssembly (197ms)
		ExecutionOrderSort (0ms)
		DisableScriptedObjects (7ms)
		BackupInstance (0ms)
		ReleaseScriptingObjects (0ms)
		CreateAndSetChildDomain (26ms)
	RebuildCommonClasses (45ms)
	RebuildNativeTypeToScriptingClass (15ms)
	initialDomainReloadingComplete (56ms)
	LoadAllAssembliesAndSetupDomain (536ms)
		LoadAssemblies (401ms)
		RebuildTransferFunctionScriptingTraits (0ms)
		AnalyzeDomain (251ms)
			TypeCache.Refresh (223ms)
				TypeCache.ScanAssembly (201ms)
			ScanForSourceGeneratedMonoScriptInfo (21ms)
			ResolveRequiredComponents (6ms)
	FinalizeReload (1441ms)
		ReleaseScriptCaches (0ms)
		RebuildScriptCaches (0ms)
		SetupLoadedEditorAssemblies (1176ms)
			LogAssemblyErrors (0ms)
			InitializePlatformSupportModulesInManaged (51ms)
			SetLoadedEditorAssemblies (6ms)
			RefreshPlugins (0ms)
			BeforeProcessingInitializeOnLoad (79ms)
			ProcessInitializeOnLoadAttributes (991ms)
			ProcessInitializeOnLoadMethodAttributes (40ms)
			AfterProcessingInitializeOnLoad (8ms)
			EditorAssembliesLoaded (0ms)
		ExecutionOrderSort2 (0ms)
		AwakeInstancesAfterBackupRestoration (11ms)
Launched and connected shader compiler UnityShaderCompiler.exe after 0.07 seconds
Refreshing native plugins compatible for Editor in 7.08 ms, found 3 plugins.
Preloading 0 native plugins for Editor in 0.00 ms.
Unloading 3148 Unused Serialized files (Serialized files now loaded: 0)
Unloading 33 unused Assets / (57.6 KB). Loaded Objects now: 3612.
Memory consumption went from 132.1 MB to 132.0 MB.
Total: 9.020800 ms (FindLiveObjects: 0.400100 ms CreateObjectMapping: 0.269200 ms MarkObjects: 8.095200 ms  DeleteObjects: 0.254000 ms)

AssetImportParameters requested are different than current active one (requested -> active):
  custom:container-demuxer-ogg: 62fdf1f143b41e24485cea50d1cbac27 -> 
  custom:video-codec-MediaFoundation-h265: 746d11721c4dcdbdad8f713fa42b33f4 -> 
  custom:video-decoder-ogg-theora: a1e56fd34408186e4bbccfd4996cb3dc -> 
  custom:framework-win-MediaFoundation: 216162199b28c13a410421893ffa2e32 -> 
  custom:CustomObjectIndexerAttribute: 9a22284fe3817be447336de3de66b15e -> 
  custom:container-demuxer-webm: 4f35f7cbe854078d1ac9338744f61a02 -> 
  custom:container-muxer-webm: aa71ff27fc2769a1b78a27578f13a17b -> 
  custom:video-decoder-webm-vp8: 9c59270c3fd7afecdb556c50c9e8de78 -> 
  custom:SearchIndexIgnoredProperties: e643bd26f0fe6173181afceb89e7c659 -> 
  custom:AudioImporter_EditorPlatform: d09bf68614088b80899f8185d706f6e7 -> 
  custom:video-encoder-webm-vp8: eb34c28f22e8b96e1ab97ce403110664 -> 
  custom:audio-decoder-ogg-vorbis: bf7c407c2cedff20999df2af8eb42d56 -> 
  custom:audio-encoder-webm-vorbis: bf7c407c2cedff20999df2af8eb42d56 -> 
========================================================================
Received Import Request.
  Time since last request: 17819.081534 seconds.
  path: Assets/Elements/Player.prefab
  artifactKey: Guid(3374bdeaf2bd9834b8d492af76e9855d) Importer(815301076,1909f56bfc062723c751e8b465ee728b)
Start importing Assets/Elements/Player.prefab using Guid(3374bdeaf2bd9834b8d492af76e9855d) Importer(815301076,1909f56bfc062723c751e8b465ee728b) [PhysX] Initialized MultithreadedTaskDispatcher with 32 workers.
[PhysX] Initialized MultithreadedTaskDispatcher with 32 workers.
 -> (artifact id: 'e605894a100e9867dcc8af8e1db251de') in 0.177033 seconds
Number of updated asset objects reloaded before import = 0
Number of asset objects unloaded after import = 9
========================================================================
Received Import Request.
  Time since last request: 273.168193 seconds.
  path: Assets/SyntyStudios/PolygonKnights/Materials/PolyKnights_Mat_Variation_02_Dark.mat
  artifactKey: Guid(03e2749ed3366a943a0b176f88f5cdf6) Importer(815301076,1909f56bfc062723c751e8b465ee728b)
Start importing Assets/SyntyStudios/PolygonKnights/Materials/PolyKnights_Mat_Variation_02_Dark.mat using Guid(03e2749ed3366a943a0b176f88f5cdf6) Importer(815301076,1909f56bfc062723c751e8b465ee728b) [PhysX] Initialized MultithreadedTaskDispatcher with 32 workers.
[PhysX] Initialized MultithreadedTaskDispatcher with 32 workers.
 -> (artifact id: '891df11d7d7650f9d30198c500aa9c42') in 0.097251 seconds
Number of updated asset objects reloaded before import = 0
Number of asset objects unloaded after import = 2
========================================================================
Received Import Request.
  Time since last request: 0.000038 seconds.
  path: Assets/SyntyStudios/PolygonKnights/Materials/PolyKnights_Mat_Variation_03_Dark.mat
  artifactKey: Guid(f4370b1a470420149b4594453c7c25d2) Importer(815301076,1909f56bfc062723c751e8b465ee728b)
Start importing Assets/SyntyStudios/PolygonKnights/Materials/PolyKnights_Mat_Variation_03_Dark.mat using Guid(f4370b1a470420149b4594453c7c25d2) Importer(815301076,1909f56bfc062723c751e8b465ee728b) [PhysX] Initialized MultithreadedTaskDispatcher with 32 workers.
[PhysX] Initialized MultithreadedTaskDispatcher with 32 workers.
 -> (artifact id: 'b424412a72b3f25ab5a04ddf8e4f2e1a') in 0.034841 seconds
Number of updated asset objects reloaded before import = 0
Number of asset objects unloaded after import = 2
========================================================================
Received Import Request.
  Time since last request: 0.000398 seconds.
  path: Assets/SyntyStudios/PolygonKnights/Materials/PolyKnights_Mat_Variation_04_Dark.mat
  artifactKey: Guid(f9cb4bce489fa5341b4e11ec3d2f70fd) Importer(815301076,1909f56bfc062723c751e8b465ee728b)
Start importing Assets/SyntyStudios/PolygonKnights/Materials/PolyKnights_Mat_Variation_04_Dark.mat using Guid(f9cb4bce489fa5341b4e11ec3d2f70fd) Importer(815301076,1909f56bfc062723c751e8b465ee728b) [PhysX] Initialized MultithreadedTaskDispatcher with 32 workers.
[PhysX] Initialized MultithreadedTaskDispatcher with 32 workers.
 -> (artifact id: '789e72f919b1201dcd58fe673314e66b') in 0.032174 seconds
Number of updated asset objects reloaded before import = 0
Number of asset objects unloaded after import = 2
========================================================================
Received Import Request.
  Time since last request: 0.617418 seconds.
  path: Assets/SyntyStudios/PolygonStarter/Materials/Plane/PolygonStarter_Mat_Plane_01.mat
  artifactKey: Guid(940d4c7d3d8f0ff4aab297e184fe9ffd) Importer(815301076,1909f56bfc062723c751e8b465ee728b)
Start importing Assets/SyntyStudios/PolygonStarter/Materials/Plane/PolygonStarter_Mat_Plane_01.mat using Guid(940d4c7d3d8f0ff4aab297e184fe9ffd) Importer(815301076,1909f56bfc062723c751e8b465ee728b) [PhysX] Initialized MultithreadedTaskDispatcher with 32 workers.
[PhysX] Initialized MultithreadedTaskDispatcher with 32 workers.
 -> (artifact id: '88a6888759f991ba8b89765be081eef9') in 0.432004 seconds
Number of updated asset objects reloaded before import = 0
Number of asset objects unloaded after import = 2
========================================================================
Received Import Request.
  Time since last request: 1.753629 seconds.
  path: Assets/SyntyStudios/PolygonCity/Materials/PolygonCity_Glass_Mat.mat
  artifactKey: Guid(c29d9dff2056b1543bbb70ec32427a62) Importer(815301076,1909f56bfc062723c751e8b465ee728b)
Start importing Assets/SyntyStudios/PolygonCity/Materials/PolygonCity_Glass_Mat.mat using Guid(c29d9dff2056b1543bbb70ec32427a62) Importer(815301076,1909f56bfc062723c751e8b465ee728b) [PhysX] Initialized MultithreadedTaskDispatcher with 32 workers.
[PhysX] Initialized MultithreadedTaskDispatcher with 32 workers.
 -> (artifact id: '6b6b78039f5343b3bd41e3a305fa06fc') in 0.292532 seconds
Number of updated asset objects reloaded before import = 0
Number of asset objects unloaded after import = 3
========================================================================
Received Import Request.
  Time since last request: 0.000242 seconds.
  path: Assets/SyntyStudios/PolygonCity/Materials/PolygonCity_Mat_02_A.mat
  artifactKey: Guid(49ef76ea47782eb4b93ac08b234fd6c3) Importer(815301076,1909f56bfc062723c751e8b465ee728b)
Start importing Assets/SyntyStudios/PolygonCity/Materials/PolygonCity_Mat_02_A.mat using Guid(49ef76ea47782eb4b93ac08b234fd6c3) Importer(815301076,1909f56bfc062723c751e8b465ee728b) [PhysX] Initialized MultithreadedTaskDispatcher with 32 workers.
[PhysX] Initialized MultithreadedTaskDispatcher with 32 workers.
 -> (artifact id: '50a51142273b791170c41be60a1c91d5') in 0.281058 seconds
Number of updated asset objects reloaded before import = 0
Number of asset objects unloaded after import = 5
========================================================================
Received Import Request.
  Time since last request: 0.000149 seconds.
  path: Assets/SyntyStudios/PolygonCity/Materials/PolygonCity_Mat_02_C.mat
  artifactKey: Guid(f145fd98abc7a354f83c3a2e8df80a75) Importer(815301076,1909f56bfc062723c751e8b465ee728b)
Start importing Assets/SyntyStudios/PolygonCity/Materials/PolygonCity_Mat_02_C.mat using Guid(f145fd98abc7a354f83c3a2e8df80a75) Importer(815301076,1909f56bfc062723c751e8b465ee728b) [PhysX] Initialized MultithreadedTaskDispatcher with 32 workers.
[PhysX] Initialized MultithreadedTaskDispatcher with 32 workers.
 -> (artifact id: '63f6fc1670df79a677cfcac018207e1e') in 0.028734 seconds
Number of updated asset objects reloaded before import = 0
Number of asset objects unloaded after import = 4
========================================================================
Received Import Request.
  Time since last request: 0.000025 seconds.
  path: Assets/SyntyStudios/PolygonCity/Materials/PolygonCity_Mat_01_A.mat
  artifactKey: Guid(62e25ef75a2216f418d06453c9ad15cb) Importer(815301076,1909f56bfc062723c751e8b465ee728b)
Start importing Assets/SyntyStudios/PolygonCity/Materials/PolygonCity_Mat_01_A.mat using Guid(62e25ef75a2216f418d06453c9ad15cb) Importer(815301076,1909f56bfc062723c751e8b465ee728b) [PhysX] Initialized MultithreadedTaskDispatcher with 32 workers.
[PhysX] Initialized MultithreadedTaskDispatcher with 32 workers.
 -> (artifact id: 'd8bff940382a44ed1c45c183d86d9a87') in 0.033460 seconds
Number of updated asset objects reloaded before import = 0
Number of asset objects unloaded after import = 5
========================================================================
Received Import Request.
  Time since last request: 5.394278 seconds.
  path: Assets/SyntyStudios/PolygonCity/Materials/PolygonCity_Mat_Road_03.mat
  artifactKey: Guid(832e3d44954de9c408d5cdcafc05fc9e) Importer(815301076,1909f56bfc062723c751e8b465ee728b)
Start importing Assets/SyntyStudios/PolygonCity/Materials/PolygonCity_Mat_Road_03.mat using Guid(832e3d44954de9c408d5cdcafc05fc9e) Importer(815301076,1909f56bfc062723c751e8b465ee728b) [PhysX] Initialized MultithreadedTaskDispatcher with 32 workers.
[PhysX] Initialized MultithreadedTaskDispatcher with 32 workers.
 -> (artifact id: 'e362fdc1dd6a4bc9c340f48c777df7eb') in 0.286957 seconds
Number of updated asset objects reloaded before import = 0
Number of asset objects unloaded after import = 3
========================================================================
Received Import Request.
  Time since last request: 2.141609 seconds.
  path: Assets/SyntyStudios/PolygonCity/Materials/PolygonCity_Mat_Road_01.mat
  artifactKey: Guid(9415d5fbf987e4d47b3c90bea3a0d824) Importer(815301076,1909f56bfc062723c751e8b465ee728b)
Start importing Assets/SyntyStudios/PolygonCity/Materials/PolygonCity_Mat_Road_01.mat using Guid(9415d5fbf987e4d47b3c90bea3a0d824) Importer(815301076,1909f56bfc062723c751e8b465ee728b) [PhysX] Initialized MultithreadedTaskDispatcher with 32 workers.
[PhysX] Initialized MultithreadedTaskDispatcher with 32 workers.
 -> (artifact id: 'cae9d6941c37c809ae732487e101654d') in 0.051927 seconds
Number of updated asset objects reloaded before import = 0
Number of asset objects unloaded after import = 3
========================================================================
Received Import Request.
  Time since last request: 0.156904 seconds.
  path: Assets/SyntyStudios/PolygonCity/Materials/PolygonCity_Mat_04_A.mat
  artifactKey: Guid(ee5d59fcc8497a641905c26644c20880) Importer(815301076,1909f56bfc062723c751e8b465ee728b)
Start importing Assets/SyntyStudios/PolygonCity/Materials/PolygonCity_Mat_04_A.mat using Guid(ee5d59fcc8497a641905c26644c20880) Importer(815301076,1909f56bfc062723c751e8b465ee728b) [PhysX] Initialized MultithreadedTaskDispatcher with 32 workers.
[PhysX] Initialized MultithreadedTaskDispatcher with 32 workers.
 -> (artifact id: '6889f8bdd15e9ff4a2464dca8fef3c28') in 0.053086 seconds
Number of updated asset objects reloaded before import = 0
Number of asset objects unloaded after import = 5
========================================================================
Received Import Request.
  Time since last request: 5.927436 seconds.
  path: Assets/SyntyStudios/PolygonAdventure/Materials/PolyAdventureMaterial_Snow_01.mat
  artifactKey: Guid(fe202229726379c42adb32cce7658ce6) Importer(815301076,1909f56bfc062723c751e8b465ee728b)
Start importing Assets/SyntyStudios/PolygonAdventure/Materials/PolyAdventureMaterial_Snow_01.mat using Guid(fe202229726379c42adb32cce7658ce6) Importer(815301076,1909f56bfc062723c751e8b465ee728b) [PhysX] Initialized MultithreadedTaskDispatcher with 32 workers.
[PhysX] Initialized MultithreadedTaskDispatcher with 32 workers.
 -> (artifact id: '328f78a8f942d85d2b1e7fe9c6c4e3e8') in 0.050646 seconds
Number of updated asset objects reloaded before import = 0
Number of asset objects unloaded after import = 2
========================================================================
Received Import Request.
  Time since last request: 1.189048 seconds.
  path: Assets/SyntyStudios/PolygonPrototype/Materials/FX/PolygonPrototype_FX_Default.mat
  artifactKey: Guid(960efbd1b805a5343b445de1af98428e) Importer(815301076,1909f56bfc062723c751e8b465ee728b)
Start importing Assets/SyntyStudios/PolygonPrototype/Materials/FX/PolygonPrototype_FX_Default.mat using Guid(960efbd1b805a5343b445de1af98428e) Importer(815301076,1909f56bfc062723c751e8b465ee728b) [PhysX] Initialized MultithreadedTaskDispatcher with 32 workers.
[PhysX] Initialized MultithreadedTaskDispatcher with 32 workers.
 -> (artifact id: '36f46ebcde32c1abf3dfea16e826c487') in 0.074093 seconds
Number of updated asset objects reloaded before import = 0
Number of asset objects unloaded after import = 1
Editor requested this worker to shutdown with reason: Scaling down because of idle timeout
TcpMessagingSession - receive error: operation aborted. errorcode: 995, details: L’opération d’entrée/sortie a été abandonnée en raison de l’arrêt d’un thread ou à la demande d’une application.
AssetImportWorker is now disconnected from the server
Process exiting
Exiting without the bug reporter. Application will terminate with return code 0